<?xml version="1.0" encoding="UTF-8"?>
<testsuite name="ru.netology.ContactTest" tests="1" skipped="0" failures="0" errors="0" timestamp="2021-03-26T03:57:03" hostname="DESKTOP-KJU887L" time="0.019">
  <properties/>
  <testcase name="getNameTest()" classname="ru.netology.ContactTest" time="0.019"/>
  <system-out><![CDATA[]]></system-out>
  <system-err><![CDATA[]]></system-err>
</testsuite>
